GROUP,PACKAGE,CLASS,INSTRUCTION_MISSED,INSTRUCTION_COVERED,BRANCH_MISSED,BRANCH_COVERED,LINE_MISSED,LINE_COVERED,COMPLEXITY_MISSED,COMPLEXITY_COVERED,METHOD_MISSED,METHOD_COVERED
Reitinhaku,tiralabra.reitinhaku.main,Main,3,0,0,0,1,0,1,0,1,0
Reitinhaku,tiralabra.reitinhaku.tietorakenteet,Keko,3,0,0,0,1,0,1,0,1,0
Reitinhaku,tiralabra.reitinhaku.tietorakenteet,Solmu,0,56,1,3,0,19,1,8,0,7
Reitinhaku,tiralabra.reitinhaku.algoritmit,AStar,3,0,0,0,1,0,1,0,1,0
Reitinhaku,tiralabra.reitinhaku.algoritmit,Dijkstra,3,0,0,0,1,0,1,0,1,0
Reitinhaku,tiralabra.reitinhaku.ui,Käyttöliittymä,3,0,0,0,1,0,1,0,1,0
Reitinhaku,tiralabra.reitinhaku.kartat,Kartanlukija,6,79,0,4,2,23,0,7,0,5
