GROUP,PACKAGE,CLASS,INSTRUCTION_MISSED,INSTRUCTION_COVERED,BRANCH_MISSED,BRANCH_COVERED,LINE_MISSED,LINE_COVERED,COMPLEXITY_MISSED,COMPLEXITY_COVERED,METHOD_MISSED,METHOD_COVERED
Reitinhaku,tiralabra.reitinhaku.main,Main,71,0,0,0,15,0,2,0,2,0
Reitinhaku,tiralabra.reitinhaku.tietorakenteet,Keko,43,223,10,24,9,46,11,20,2,12
Reitinhaku,tiralabra.reitinhaku.tietorakenteet,Solmu,54,107,2,8,11,36,8,15,6,12
Reitinhaku,tiralabra.reitinhaku.algoritmit,AStar,0,70,0,4,0,15,0,5,0,3
Reitinhaku,tiralabra.reitinhaku.algoritmit,Dijkstra,2,233,4,20,1,36,4,14,0,6
Reitinhaku,tiralabra.reitinhaku.ui,Kayttoliittyma,3,0,0,0,1,0,1,0,1,0
Reitinhaku,tiralabra.reitinhaku.kartat,Kartanlukija,6,79,0,4,2,23,0,7,0,5
